[ 2014-02-06T12:21:03+08:00 ] 127.0.0.1 /index.php
INFO: [ app_begin ] --START--
INFO: ReadHtmlCache Behavior ::run [ RunTime:0.001755s ]
INFO: [ app_begin ] --END-- [ RunTime:0.001926s ]
INFO: [ view_parse ] --START--
INFO: ParseTemplate Behavior ::run [ RunTime:0.002463s ]
INFO: [ view_parse ] --END-- [ RunTime:0.002615s ]
INFO: [ view_filter ] --START--
NOTIC: [8] Use of undefined constant APP_TMPL_PATH - assumed 'APP_TMPL_PATH' G:\work\study\php_pager\php_pager\ThinkPHP\Lib\Behavior\ContentReplaceBehavior.class.php 第 40 行.
NOTIC: [8] Use of undefined constant APP_TMPL_PATH - assumed 'APP_TMPL_PATH' G:\work\study\php_pager\php_pager\ThinkPHP\Lib\Behavior\ContentReplaceBehavior.class.php 第 47 行.
INFO: ContentReplace Behavior ::run [ RunTime:0.001722s ]
INFO: TokenBuild Behavior ::run [ RunTime:0.001352s ]
INFO: WriteHtmlCache Behavior ::run [ RunTime:0.001180s ]
INFO: ShowRuntime Behavior ::run [ RunTime:0.001454s ]
INFO: [ view_filter ] --END-- [ RunTime:0.006483s ]
INFO: [ view_end ] --START--
INFO: ShowPageTrace Behavior ::run [ RunTime:0.001952s ]
INFO: [ view_end ] --END-- [ RunTime:0.002083s ]

[ 2014-02-06T12:22:48+08:00 ] 127.0.0.1 /index.php/Index/query?page=1
INFO: [ route_check ] --START--
INFO: CheckRoute Behavior ::run [ RunTime:0.010222s ]
INFO: [ route_check ] --END-- [ RunTime:0.010420s ]
INFO: [ app_begin ] --START--
INFO: ReadHtmlCache Behavior ::run [ RunTime:0.001874s ]
INFO: [ app_begin ] --END-- [ RunTime:0.002102s ]
SQL: SHOW COLUMNS FROM `tb_test` [ RunTime:1.644159s ]
SQL: SELECT * FROM `tb_test`  [ RunTime:0.438999s ]
INFO: [ view_parse ] --START--
INFO: ParseTemplate Behavior ::run [ RunTime:0.230174s ]
INFO: [ view_parse ] --END-- [ RunTime:0.231699s ]
INFO: [ view_filter ] --START--
INFO: ContentReplace Behavior ::run [ RunTime:0.030484s ]
INFO: TokenBuild Behavior ::run [ RunTime:0.043694s ]
INFO: WriteHtmlCache Behavior ::run [ RunTime:0.018686s ]
INFO: ShowRuntime Behavior ::run [ RunTime:0.045490s ]
INFO: [ view_filter ] --END-- [ RunTime:0.139005s ]
INFO: [ view_end ] --START--
INFO: ShowPageTrace Behavior ::run [ RunTime:0.028520s ]
INFO: [ view_end ] --END-- [ RunTime:0.028822s ]
NOTIC: 建议使用I方法替代_param
INFO: [ view_parse ] --START--
INFO: ParseTemplate Behavior ::run [ RunTime:0.000991s ]
INFO: [ view_parse ] --END-- [ RunTime:-0.168375s ]
INFO: [ view_filter ] --START--
INFO: ContentReplace Behavior ::run [ RunTime:0.000082s ]
INFO: TokenBuild Behavior ::run [ RunTime:0.000069s ]
INFO: WriteHtmlCache Behavior ::run [ RunTime:0.000024s ]
INFO: ShowRuntime Behavior ::run [ RunTime:0.000102s ]
INFO: [ view_filter ] --END-- [ RunTime:-0.030391s ]
INFO: [ view_end ] --START--
INFO: ShowPageTrace Behavior ::run [ RunTime:0.000062s ]
INFO: [ view_end ] --END-- [ RunTime:-0.002064s ]

[ 2014-02-06T12:22:57+08:00 ] 127.0.0.1 /index.php/Index/query?page=2
INFO: [ route_check ] --START--
INFO: CheckRoute Behavior ::run [ RunTime:0.003311s ]
INFO: [ route_check ] --END-- [ RunTime:0.003491s ]
INFO: [ app_begin ] --START--
INFO: ReadHtmlCache Behavior ::run [ RunTime:0.001578s ]
INFO: [ app_begin ] --END-- [ RunTime:0.001728s ]
SQL: SHOW COLUMNS FROM `tb_test` [ RunTime:0.006794s ]
SQL: SELECT * FROM `tb_test`  [ RunTime:0.002414s ]
INFO: [ view_parse ] --START--
INFO: ParseTemplate Behavior ::run [ RunTime:0.035770s ]
INFO: [ view_parse ] --END-- [ RunTime:0.036066s ]
INFO: [ view_filter ] --START--
INFO: ContentReplace Behavior ::run [ RunTime:0.003467s ]
INFO: TokenBuild Behavior ::run [ RunTime:0.001556s ]
INFO: WriteHtmlCache Behavior ::run [ RunTime:0.001215s ]
INFO: ShowRuntime Behavior ::run [ RunTime:0.001543s ]
INFO: [ view_filter ] --END-- [ RunTime:0.008236s ]
INFO: [ view_end ] --START--
INFO: ShowPageTrace Behavior ::run [ RunTime:0.001813s ]
INFO: [ view_end ] --END-- [ RunTime:0.001969s ]
NOTIC: 建议使用I方法替代_param
INFO: [ view_parse ] --START--
INFO: ParseTemplate Behavior ::run [ RunTime:0.000989s ]
INFO: [ view_parse ] --END-- [ RunTime:-0.010683s ]
INFO: [ view_filter ] --START--
INFO: ContentReplace Behavior ::run [ RunTime:0.000082s ]
INFO: TokenBuild Behavior ::run [ RunTime:0.000069s ]
INFO: WriteHtmlCache Behavior ::run [ RunTime:0.000025s ]
INFO: ShowRuntime Behavior ::run [ RunTime:0.000101s ]
INFO: [ view_filter ] --END-- [ RunTime:-0.003547s ]
INFO: [ view_end ] --START--
INFO: ShowPageTrace Behavior ::run [ RunTime:0.000065s ]
INFO: [ view_end ] --END-- [ RunTime:-0.002057s ]

[ 2014-02-06T12:22:59+08:00 ] 127.0.0.1 /index.php/Index/query?page=3
INFO: [ route_check ] --START--
INFO: CheckRoute Behavior ::run [ RunTime:0.001219s ]
INFO: [ route_check ] --END-- [ RunTime:0.001402s ]
INFO: [ app_begin ] --START--
INFO: ReadHtmlCache Behavior ::run [ RunTime:0.000872s ]
INFO: [ app_begin ] --END-- [ RunTime:0.001025s ]
SQL: SHOW COLUMNS FROM `tb_test` [ RunTime:0.003236s ]
SQL: SELECT * FROM `tb_test`  [ RunTime:0.002773s ]
INFO: [ view_parse ] --START--
INFO: ParseTemplate Behavior ::run [ RunTime:0.017841s ]
INFO: [ view_parse ] --END-- [ RunTime:0.018031s ]
INFO: [ view_filter ] --START--
INFO: ContentReplace Behavior ::run [ RunTime:0.000694s ]
INFO: TokenBuild Behavior ::run [ RunTime:0.000596s ]
INFO: WriteHtmlCache Behavior ::run [ RunTime:0.000397s ]
INFO: ShowRuntime Behavior ::run [ RunTime:0.000822s ]
INFO: [ view_filter ] --END-- [ RunTime:0.002859s ]
INFO: [ view_end ] --START--
INFO: ShowPageTrace Behavior ::run [ RunTime:0.000940s ]
INFO: [ view_end ] --END-- [ RunTime:0.001065s ]
NOTIC: 建议使用I方法替代_param
INFO: [ view_parse ] --START--
INFO: ParseTemplate Behavior ::run [ RunTime:0.019615s ]
INFO: [ view_parse ] --END-- [ RunTime:-0.004365s ]
INFO: [ view_filter ] --START--
INFO: ContentReplace Behavior ::run [ RunTime:0.000086s ]
INFO: TokenBuild Behavior ::run [ RunTime:0.000069s ]
INFO: WriteHtmlCache Behavior ::run [ RunTime:0.000025s ]
INFO: ShowRuntime Behavior ::run [ RunTime:0.000103s ]
INFO: [ view_filter ] --END-- [ RunTime:-0.021290s ]
INFO: [ view_end ] --START--
INFO: ShowPageTrace Behavior ::run [ RunTime:0.000061s ]
INFO: [ view_end ] --END-- [ RunTime:-0.020725s ]

[ 2014-02-06T12:23:00+08:00 ] 127.0.0.1 /index.php/Index/query?page=4
INFO: [ route_check ] --START--
INFO: CheckRoute Behavior ::run [ RunTime:0.001256s ]
INFO: [ route_check ] --END-- [ RunTime:0.001419s ]
INFO: [ app_begin ] --START--
INFO: ReadHtmlCache Behavior ::run [ RunTime:0.000810s ]
INFO: [ app_begin ] --END-- [ RunTime:0.000944s ]
SQL: SHOW COLUMNS FROM `tb_test` [ RunTime:0.003276s ]
SQL: SELECT * FROM `tb_test`  [ RunTime:0.002575s ]
INFO: [ view_parse ] --START--
INFO: ParseTemplate Behavior ::run [ RunTime:0.017715s ]
INFO: [ view_parse ] --END-- [ RunTime:0.017903s ]
INFO: [ view_filter ] --START--
INFO: ContentReplace Behavior ::run [ RunTime:0.000585s ]
INFO: TokenBuild Behavior ::run [ RunTime:0.000584s ]
INFO: WriteHtmlCache Behavior ::run [ RunTime:0.000402s ]
INFO: ShowRuntime Behavior ::run [ RunTime:0.000724s ]
INFO: [ view_filter ] --END-- [ RunTime:0.002641s ]
INFO: [ view_end ] --START--
INFO: ShowPageTrace Behavior ::run [ RunTime:0.000913s ]
INFO: [ view_end ] --END-- [ RunTime:0.001034s ]
NOTIC: 建议使用I方法替代_param
INFO: [ view_parse ] --START--
INFO: ParseTemplate Behavior ::run [ RunTime:0.035152s ]
INFO: [ view_parse ] --END-- [ RunTime:-0.004087s ]
INFO: [ view_filter ] --START--
INFO: ContentReplace Behavior ::run [ RunTime:0.000085s ]
INFO: TokenBuild Behavior ::run [ RunTime:0.000068s ]
INFO: WriteHtmlCache Behavior ::run [ RunTime:0.000025s ]
INFO: ShowRuntime Behavior ::run [ RunTime:0.000228s ]
INFO: [ view_filter ] --END-- [ RunTime:-0.036748s ]
INFO: [ view_end ] --START--
INFO: ShowPageTrace Behavior ::run [ RunTime:0.000065s ]
INFO: [ view_end ] --END-- [ RunTime:-0.036604s ]

[ 2014-02-06T12:23:02+08:00 ] 127.0.0.1 /index.php/Index/query?page=3
INFO: [ route_check ] --START--
INFO: CheckRoute Behavior ::run [ RunTime:0.001210s ]
INFO: [ route_check ] --END-- [ RunTime:0.001370s ]
INFO: [ app_begin ] --START--
INFO: ReadHtmlCache Behavior ::run [ RunTime:0.000805s ]
INFO: [ app_begin ] --END-- [ RunTime:0.000943s ]
SQL: SHOW COLUMNS FROM `tb_test` [ RunTime:0.004432s ]
SQL: SELECT * FROM `tb_test`  [ RunTime:0.002403s ]
INFO: [ view_parse ] --START--
INFO: ParseTemplate Behavior ::run [ RunTime:0.016788s ]
INFO: [ view_parse ] --END-- [ RunTime:0.016975s ]
INFO: [ view_filter ] --START--
INFO: ContentReplace Behavior ::run [ RunTime:0.000564s ]
INFO: TokenBuild Behavior ::run [ RunTime:0.000588s ]
INFO: WriteHtmlCache Behavior ::run [ RunTime:0.000407s ]
INFO: ShowRuntime Behavior ::run [ RunTime:0.001674s ]
INFO: [ view_filter ] --END-- [ RunTime:0.003601s ]
INFO: [ view_end ] --START--
INFO: ShowPageTrace Behavior ::run [ RunTime:0.000951s ]
INFO: [ view_end ] --END-- [ RunTime:0.001076s ]
NOTIC: 建议使用I方法替代_param
INFO: [ view_parse ] --START--
INFO: ParseTemplate Behavior ::run [ RunTime:0.000546s ]
INFO: [ view_parse ] --END-- [ RunTime:-0.005098s ]
INFO: [ view_filter ] --START--
INFO: ContentReplace Behavior ::run [ RunTime:0.000079s ]
INFO: TokenBuild Behavior ::run [ RunTime:0.000068s ]
INFO: WriteHtmlCache Behavior ::run [ RunTime:0.000025s ]
INFO: ShowRuntime Behavior ::run [ RunTime:0.000154s ]
INFO: [ view_filter ] --END-- [ RunTime:-0.002149s ]
INFO: [ view_end ] --START--
INFO: ShowPageTrace Behavior ::run [ RunTime:0.000061s ]
INFO: [ view_end ] --END-- [ RunTime:-0.001617s ]

[ 2014-02-06T12:23:06+08:00 ] 127.0.0.1 /index.php/Index/query?page=1
INFO: [ route_check ] --START--
INFO: CheckRoute Behavior ::run [ RunTime:0.001219s ]
INFO: [ route_check ] --END-- [ RunTime:0.001378s ]
INFO: [ app_begin ] --START--
INFO: ReadHtmlCache Behavior ::run [ RunTime:0.000798s ]
INFO: [ app_begin ] --END-- [ RunTime:0.000932s ]
SQL: SHOW COLUMNS FROM `tb_test` [ RunTime:0.003559s ]
SQL: SELECT * FROM `tb_test`  [ RunTime:0.002401s ]
INFO: [ view_parse ] --START--
INFO: ParseTemplate Behavior ::run [ RunTime:0.016742s ]
INFO: [ view_parse ] --END-- [ RunTime:0.016928s ]
INFO: [ view_filter ] --START--
INFO: ContentReplace Behavior ::run [ RunTime:0.001674s ]
INFO: TokenBuild Behavior ::run [ RunTime:0.000601s ]
INFO: WriteHtmlCache Behavior ::run [ RunTime:0.000402s ]
INFO: ShowRuntime Behavior ::run [ RunTime:0.000723s ]
INFO: [ view_filter ] --END-- [ RunTime:0.003790s ]
INFO: [ view_end ] --START--
INFO: ShowPageTrace Behavior ::run [ RunTime:0.000910s ]
INFO: [ view_end ] --END-- [ RunTime:0.001032s ]
NOTIC: 建议使用I方法替代_param
INFO: [ view_parse ] --START--
INFO: ParseTemplate Behavior ::run [ RunTime:0.000971s ]
INFO: [ view_parse ] --END-- [ RunTime:-0.005238s ]
INFO: [ view_filter ] --START--
INFO: ContentReplace Behavior ::run [ RunTime:0.000106s ]
INFO: TokenBuild Behavior ::run [ RunTime:0.000068s ]
INFO: WriteHtmlCache Behavior ::run [ RunTime:0.000024s ]
INFO: ShowRuntime Behavior ::run [ RunTime:0.000103s ]
INFO: [ view_filter ] --END-- [ RunTime:-0.002532s ]
INFO: [ view_end ] --START--
INFO: ShowPageTrace Behavior ::run [ RunTime:0.000061s ]
INFO: [ view_end ] --END-- [ RunTime:-0.002017s ]

[ 2014-02-06T12:23:39+08:00 ] 127.0.0.1 /index.php/Index/query?page=1
INFO: [ route_check ] --START--
INFO: CheckRoute Behavior ::run [ RunTime:0.001201s ]
INFO: [ route_check ] --END-- [ RunTime:0.001359s ]
INFO: [ app_begin ] --START--
INFO: ReadHtmlCache Behavior ::run [ RunTime:0.001077s ]
INFO: [ app_begin ] --END-- [ RunTime:0.001240s ]
SQL: SHOW COLUMNS FROM `tb_test` [ RunTime:0.010012s ]
SQL: SELECT * FROM `tb_test`  [ RunTime:0.002429s ]
INFO: [ view_parse ] --START--
INFO: ParseTemplate Behavior ::run [ RunTime:0.025732s ]
INFO: [ view_parse ] --END-- [ RunTime:0.025914s ]
INFO: [ view_filter ] --START--
INFO: ContentReplace Behavior ::run [ RunTime:0.000556s ]
INFO: TokenBuild Behavior ::run [ RunTime:0.000596s ]
INFO: WriteHtmlCache Behavior ::run [ RunTime:0.000446s ]
INFO: ShowRuntime Behavior ::run [ RunTime:0.000674s ]
INFO: [ view_filter ] --END-- [ RunTime:0.002619s ]
INFO: [ view_end ] --START--
INFO: ShowPageTrace Behavior ::run [ RunTime:0.000881s ]
INFO: [ view_end ] --END-- [ RunTime:0.001094s ]
NOTIC: 建议使用I方法替代_param
INFO: [ view_parse ] --START--
INFO: ParseTemplate Behavior ::run [ RunTime:0.000543s ]
INFO: [ view_parse ] --END-- [ RunTime:-0.004138s ]
INFO: [ view_filter ] --START--
INFO: ContentReplace Behavior ::run [ RunTime:0.000083s ]
INFO: TokenBuild Behavior ::run [ RunTime:0.000069s ]
INFO: WriteHtmlCache Behavior ::run [ RunTime:0.000024s ]
INFO: ShowRuntime Behavior ::run [ RunTime:0.000101s ]
INFO: [ view_filter ] --END-- [ RunTime:-0.002232s ]
INFO: [ view_end ] --START--
INFO: ShowPageTrace Behavior ::run [ RunTime:0.000061s ]
INFO: [ view_end ] --END-- [ RunTime:-0.001630s ]

[ 2014-02-06T12:23:39+08:00 ] 127.0.0.1 /index.php/Index/query?page=1
INFO: [ route_check ] --START--
INFO: CheckRoute Behavior ::run [ RunTime:0.002264s ]
INFO: [ route_check ] --END-- [ RunTime:0.002436s ]
INFO: [ app_begin ] --START--
INFO: ReadHtmlCache Behavior ::run [ RunTime:0.000866s ]
INFO: [ app_begin ] --END-- [ RunTime:0.000999s ]
SQL: SHOW COLUMNS FROM `tb_test` [ RunTime:0.003615s ]
SQL: SELECT * FROM `tb_test`  [ RunTime:0.002407s ]
INFO: [ view_parse ] --START--
INFO: ParseTemplate Behavior ::run [ RunTime:0.017647s ]
INFO: [ view_parse ] --END-- [ RunTime:0.017849s ]
INFO: [ view_filter ] --START--
INFO: ContentReplace Behavior ::run [ RunTime:0.000534s ]
INFO: TokenBuild Behavior ::run [ RunTime:0.000577s ]
INFO: WriteHtmlCache Behavior ::run [ RunTime:0.000398s ]
INFO: ShowRuntime Behavior ::run [ RunTime:0.000678s ]
INFO: [ view_filter ] --END-- [ RunTime:0.002530s ]
INFO: [ view_end ] --START--
INFO: ShowPageTrace Behavior ::run [ RunTime:0.000995s ]
INFO: [ view_end ] --END-- [ RunTime:0.001120s ]
NOTIC: 建议使用I方法替代_param
INFO: [ view_parse ] --START--
INFO: ParseTemplate Behavior ::run [ RunTime:0.000526s ]
INFO: [ view_parse ] --END-- [ RunTime:-0.004106s ]
INFO: [ view_filter ] --START--
INFO: ContentReplace Behavior ::run [ RunTime:0.000103s ]
INFO: TokenBuild Behavior ::run [ RunTime:0.000068s ]
INFO: WriteHtmlCache Behavior ::run [ RunTime:0.000024s ]
INFO: ShowRuntime Behavior ::run [ RunTime:0.000103s ]
INFO: [ view_filter ] --END-- [ RunTime:-0.002204s ]
INFO: [ view_end ] --START--
INFO: ShowPageTrace Behavior ::run [ RunTime:0.000060s ]
INFO: [ view_end ] --END-- [ RunTime:-0.001597s ]

[ 2014-02-06T12:23:41+08:00 ] 127.0.0.1 /index.php/Index/query?page=2
INFO: [ route_check ] --START--
INFO: CheckRoute Behavior ::run [ RunTime:0.002658s ]
INFO: [ route_check ] --END-- [ RunTime:0.002846s ]
INFO: [ app_begin ] --START--
INFO: ReadHtmlCache Behavior ::run [ RunTime:0.000997s ]
INFO: [ app_begin ] --END-- [ RunTime:0.001132s ]
SQL: SHOW COLUMNS FROM `tb_test` [ RunTime:0.003294s ]
SQL: SELECT * FROM `tb_test`  [ RunTime:0.002501s ]
INFO: [ view_parse ] --START--
INFO: ParseTemplate Behavior ::run [ RunTime:0.018463s ]
INFO: [ view_parse ] --END-- [ RunTime:0.018642s ]
INFO: [ view_filter ] --START--
INFO: ContentReplace Behavior ::run [ RunTime:0.003153s ]
INFO: TokenBuild Behavior ::run [ RunTime:0.000851s ]
INFO: WriteHtmlCache Behavior ::run [ RunTime:0.000628s ]
INFO: ShowRuntime Behavior ::run [ RunTime:0.000730s ]
INFO: [ view_filter ] --END-- [ RunTime:0.005756s ]
INFO: [ view_end ] --START--
INFO: ShowPageTrace Behavior ::run [ RunTime:0.000911s ]
INFO: [ view_end ] --END-- [ RunTime:0.001033s ]
NOTIC: 建议使用I方法替代_param
INFO: [ view_parse ] --START--
INFO: ParseTemplate Behavior ::run [ RunTime:0.000580s ]
INFO: [ view_parse ] --END-- [ RunTime:-0.007210s ]
INFO: [ view_filter ] --START--
INFO: ContentReplace Behavior ::run [ RunTime:0.000081s ]
INFO: TokenBuild Behavior ::run [ RunTime:0.000068s ]
INFO: WriteHtmlCache Behavior ::run [ RunTime:0.000026s ]
INFO: ShowRuntime Behavior ::run [ RunTime:0.000102s ]
INFO: [ view_filter ] --END-- [ RunTime:-0.002141s ]
INFO: [ view_end ] --START--
INFO: ShowPageTrace Behavior ::run [ RunTime:0.000064s ]
INFO: [ view_end ] --END-- [ RunTime:-0.001592s ]

[ 2014-02-06T12:23:42+08:00 ] 127.0.0.1 /index.php/Index/query?page=3
INFO: [ route_check ] --START--
INFO: CheckRoute Behavior ::run [ RunTime:0.001216s ]
INFO: [ route_check ] --END-- [ RunTime:0.001373s ]
INFO: [ app_begin ] --START--
INFO: ReadHtmlCache Behavior ::run [ RunTime:0.000804s ]
INFO: [ app_begin ] --END-- [ RunTime:0.001034s ]
SQL: SHOW COLUMNS FROM `tb_test` [ RunTime:0.003190s ]
SQL: SELECT * FROM `tb_test`  [ RunTime:0.002564s ]
INFO: [ view_parse ] --START--
INFO: ParseTemplate Behavior ::run [ RunTime:0.017912s ]
INFO: [ view_parse ] --END-- [ RunTime:0.018096s ]
INFO: [ view_filter ] --START--
INFO: ContentReplace Behavior ::run [ RunTime:0.000735s ]
INFO: TokenBuild Behavior ::run [ RunTime:0.000591s ]
INFO: WriteHtmlCache Behavior ::run [ RunTime:0.000746s ]
INFO: ShowRuntime Behavior ::run [ RunTime:0.000783s ]
INFO: [ view_filter ] --END-- [ RunTime:0.003218s ]
INFO: [ view_end ] --START--
INFO: ShowPageTrace Behavior ::run [ RunTime:0.000999s ]
INFO: [ view_end ] --END-- [ RunTime:0.001125s ]
NOTIC: 建议使用I方法替代_param
INFO: [ view_parse ] --START--
INFO: ParseTemplate Behavior ::run [ RunTime:0.000581s ]
INFO: [ view_parse ] --END-- [ RunTime:-0.006923s ]
INFO: [ view_filter ] --START--
INFO: ContentReplace Behavior ::run [ RunTime:0.000083s ]
INFO: TokenBuild Behavior ::run [ RunTime:0.000070s ]
INFO: WriteHtmlCache Behavior ::run [ RunTime:0.000025s ]
INFO: ShowRuntime Behavior ::run [ RunTime:0.000103s ]
INFO: [ view_filter ] --END-- [ RunTime:-0.004483s ]
INFO: [ view_end ] --START--
INFO: ShowPageTrace Behavior ::run [ RunTime:0.000061s ]
INFO: [ view_end ] --END-- [ RunTime:-0.003855s ]

